<?xml version="1.0" encoding="UTF-8"?>
<testsuite xmlns:xsi="http://www.w3.org/2001/XMLSchema-instance" xsi:noNamespaceSchemaLocation="https://maven.apache.org/surefire/maven-surefire-plugin/xsd/surefire-test-report-3.0.xsd" version="3.0" name="TestRunner.Run" time="557.954" tests="5" errors="0" skipped="0" failures="0">
  <properties>
[...]
</properties>
  <testcase name="runScenario[&quot;Add New Customer&quot;, &quot;Customers&quot;](1)" classname="TestRunner.Run" time="156.744">
    <system-out><![CDATA[
@sanity @regression
Scenario: Add New Customer                                                                # Features/Customers.feature:13
Setup-Sanity method executed..
SetUp method.
[INFO ] 2024-03-15 14:11:57.762 [main] StepDef - Set up Execution...
This is Before Step before setup Method.
[INFO ] 2024-03-15 14:11:57.768 [main] StepDef - Before step Set Up Executed...
[INFO ] 2024-03-15 14:11:57.930 [main] StepDef - User Launch Chrome browser Executed...
  Given User Launch Chrome browser                                                        # StepDefination.StepDef.user_launch_chrome_browser()
This is After Step after Tear Down Method.
[INFO ] 2024-03-15 14:11:57.933 [main] StepDef - Failed Test Case Screenshot...
This is Before Step before setup Method.
[INFO ] 2024-03-15 14:11:57.934 [main] StepDef - Before step Set Up Executed...
[INFO ] 2024-03-15 14:11:59.413 [main] StepDef - User opens URL Executed...
  When User opens URL "http://admin-demo.nopcommerce.com/login"                           # StepDefination.StepDef.user_opens_url(java.lang.String)
This is After Step after Tear Down Method.
[INFO ] 2024-03-15 14:11:59.413 [main] StepDef - Failed Test Case Screenshot...
This is Before Step before setup Method.
[INFO ] 2024-03-15 14:11:59.414 [main] StepDef - Before step Set Up Executed...
[INFO ] 2024-03-15 14:11:59.780 [main] StepDef - User enters Email and Password Executed...
  And User enters Email as "admin@yourstore.com" and Password as "admin"                  # StepDefination.StepDef.user_enters_email_as_and_password_as(java.lang.String,java.lang.String)
This is After Step after Tear Down Method.
[INFO ] 2024-03-15 14:11:59.781 [main] StepDef - Failed Test Case Screenshot...
This is Before Step before setup Method.
[INFO ] 2024-03-15 14:11:59.781 [main] StepDef - Before step Set Up Executed...
[INFO ] 2024-03-15 14:13:15.427 [main] StepDef - Click on Login Executed...
  And Click on Login                                                                      # StepDefination.StepDef.click_on_login()
This is After Step after Tear Down Method.
[INFO ] 2024-03-15 14:13:15.427 [main] StepDef - Failed Test Case Screenshot...
This is Before Step before setup Method.
[INFO ] 2024-03-15 14:13:15.430 [main] StepDef - Before step Set Up Executed...
[WARN ] 2024-03-15 14:13:15.443 [main] StepDef - User can view Dashboad Executed...
  Then User can view Dashboad                                                             # StepDefination.StepDef.user_can_view_dashboad()
This is After Step after Tear Down Method.
[INFO ] 2024-03-15 14:13:15.443 [main] StepDef - Failed Test Case Screenshot...
This is Before Step before setup Method.
[INFO ] 2024-03-15 14:13:15.443 [main] StepDef - Before step Set Up Executed...
[INFO ] 2024-03-15 14:13:16.580 [main] StepDef - User click on customers Menu Executed...
  When User click on customers Menu                                                       # StepDefination.StepDef.user_click_on_customers_menu()
This is After Step after Tear Down Method.
[INFO ] 2024-03-15 14:13:16.582 [main] StepDef - Failed Test Case Screenshot...
This is Before Step before setup Method.
[INFO ] 2024-03-15 14:13:16.582 [main] StepDef - Before step Set Up Executed...
[INFO ] 2024-03-15 14:13:33.180 [main] StepDef - click on customers Menu Item Executed...
  And click on customers Menu Item                                                        # StepDefination.StepDef.click_on_customers_menu_item()
This is After Step after Tear Down Method.
[INFO ] 2024-03-15 14:13:33.180 [main] StepDef - Failed Test Case Screenshot...
This is Before Step before setup Method.
[INFO ] 2024-03-15 14:13:33.180 [main] StepDef - Before step Set Up Executed...
[INFO ] 2024-03-15 14:13:51.052 [main] StepDef - click on Add new button Executed...
  And click on Add new button                                                             # StepDefination.StepDef.click_on_add_new_button()
This is After Step after Tear Down Method.
[INFO ] 2024-03-15 14:13:51.052 [main] StepDef - Failed Test Case Screenshot...
This is Before Step before setup Method.
[INFO ] 2024-03-15 14:13:51.060 [main] StepDef - Before step Set Up Executed...
[WARN ] 2024-03-15 14:13:51.077 [main] StepDef - User can view Add new customer page Executed...
  Then User can view Add new customer page                                                # StepDefination.StepDef.user_can_view_add_new_customer_page()
This is After Step after Tear Down Method.
[INFO ] 2024-03-15 14:13:51.080 [main] StepDef - Failed Test Case Screenshot...
This is Before Step before setup Method.
[INFO ] 2024-03-15 14:13:51.080 [main] StepDef - Before step Set Up Executed...
[INFO ] 2024-03-15 14:13:52.662 [main] StepDef - User enter customer info Executed...
  When User enter customer info                                                           # StepDefination.StepDef.user_enter_customer_info()
This is After Step after Tear Down Method.
[INFO ] 2024-03-15 14:13:52.663 [main] StepDef - Failed Test Case Screenshot...
This is Before Step before setup Method.
[INFO ] 2024-03-15 14:13:52.663 [main] StepDef - Before step Set Up Executed...
[INFO ] 2024-03-15 14:14:29.803 [main] StepDef - click on Save button Executed...
  And click on Save button                                                                # StepDefination.StepDef.click_on_save_button()
This is After Step after Tear Down Method.
[INFO ] 2024-03-15 14:14:29.803 [main] StepDef - Failed Test Case Screenshot...
This is Before Step before setup Method.
[INFO ] 2024-03-15 14:14:29.803 [main] StepDef - Before step Set Up Executed...
[WARN ] 2024-03-15 14:14:30.778 [main] StepDef - User cant view confirmation message Executed...
  Then User can view confirmation message "The new customer has been added successfully." # StepDefination.StepDef.user_can_view_confirmation_message(java.lang.String)
This is After Step after Tear Down Method.
[INFO ] 2024-03-15 14:14:30.786 [main] StepDef - Failed Test Case Screenshot...
This is Before Step before setup Method.
[INFO ] 2024-03-15 14:14:30.786 [main] StepDef - Before step Set Up Executed...
[INFO ] 2024-03-15 14:14:31.116 [main] StepDef - close browser Executed...
  And close browser                                                                       # StepDefination.CloseStep.close_browser()
This is After Step after Tear Down Method.
[INFO ] 2024-03-15 14:14:31.116 [main] StepDef - Failed Test Case Screenshot...
Tear Down method.
[INFO ] 2024-03-15 14:14:31.116 [main] StepDef - Failed Scenario Screenshot...
]]></system-out>
    <system-err><![CDATA[SLF4J(W): No SLF4J providers were found.
SLF4J(W): Defaulting to no-operation (NOP) logger implementation
SLF4J(W): See https://www.slf4j.org/codes.html#noProviders for further details.
Starting ChromeDriver 122.0.6261.128 (f18a44fedeb29764b2b5336c120fdd90ef1a3f5c-refs/branch-heads/6261@{#1057}) on port 29060
Only local connections are allowed.
Please see https://chromedriver.chromium.org/security-considerations for suggestions on keeping ChromeDriver safe.
ChromeDriver was started successfully.
Mar 15, 2024 2:11:56 PM org.openqa.selenium.remote.ProtocolHandshake createSession
INFO: Detected dialect: W3C
Starting ChromeDriver 122.0.6261.128 (f18a44fedeb29764b2b5336c120fdd90ef1a3f5c-refs/branch-heads/6261@{#1057}) on port 35129
Only local connections are allowed.
Please see https://chromedriver.chromium.org/security-considerations for suggestions on keeping ChromeDriver safe.
ChromeDriver was started successfully.
Mar 15, 2024 2:11:57 PM org.openqa.selenium.remote.ProtocolHandshake createSession
INFO: Detected dialect: W3C
]]></system-err>
  </testcase>
  <testcase name="runScenario[&quot;Search Customer by Email&quot;, &quot;Customers&quot;](2)" classname="TestRunner.Run" time="189.179">
    <system-out><![CDATA[
@regression
Scenario: Search Customer by Email                                       # Features/Customers.feature:25
Setup-Sanity method executed..
SetUp method.
[INFO ] 2024-03-15 14:14:33.127 [main] StepDef - Set up Execution...
This is Before Step before setup Method.
[INFO ] 2024-03-15 14:14:33.129 [main] StepDef - Before step Set Up Executed...
[INFO ] 2024-03-15 14:14:33.258 [main] StepDef - User Launch Chrome browser Executed...
  Given User Launch Chrome browser                                       # StepDefination.StepDef.user_launch_chrome_browser()
This is After Step after Tear Down Method.
[INFO ] 2024-03-15 14:14:33.258 [main] StepDef - Failed Test Case Screenshot...
This is Before Step before setup Method.
[INFO ] 2024-03-15 14:14:33.258 [main] StepDef - Before step Set Up Executed...
[INFO ] 2024-03-15 14:14:34.681 [main] StepDef - User opens URL Executed...
  When User opens URL "http://admin-demo.nopcommerce.com/login"          # StepDefination.StepDef.user_opens_url(java.lang.String)
This is After Step after Tear Down Method.
[INFO ] 2024-03-15 14:14:34.683 [main] StepDef - Failed Test Case Screenshot...
This is Before Step before setup Method.
[INFO ] 2024-03-15 14:14:34.683 [main] StepDef - Before step Set Up Executed...
[INFO ] 2024-03-15 14:14:35.180 [main] StepDef - User enters Email and Password Executed...
  And User enters Email as "admin@yourstore.com" and Password as "admin" # StepDefination.StepDef.user_enters_email_as_and_password_as(java.lang.String,java.lang.String)
This is After Step after Tear Down Method.
[INFO ] 2024-03-15 14:14:35.180 [main] StepDef - Failed Test Case Screenshot...
This is Before Step before setup Method.
[INFO ] 2024-03-15 14:14:35.180 [main] StepDef - Before step Set Up Executed...
[INFO ] 2024-03-15 14:17:28.162 [main] StepDef - Click on Login Executed...
  And Click on Login                                                     # StepDefination.StepDef.click_on_login()
This is After Step after Tear Down Method.
[INFO ] 2024-03-15 14:17:28.163 [main] StepDef - Failed Test Case Screenshot...
This is Before Step before setup Method.
[INFO ] 2024-03-15 14:17:28.163 [main] StepDef - Before step Set Up Executed...
[WARN ] 2024-03-15 14:17:33.145 [main] StepDef - User can view Dashboad Executed...
  Then User can view Dashboad                                            # StepDefination.StepDef.user_can_view_dashboad()
This is After Step after Tear Down Method.
[INFO ] 2024-03-15 14:17:33.145 [main] StepDef - Failed Test Case Screenshot...
This is Before Step before setup Method.
[INFO ] 2024-03-15 14:17:33.145 [main] StepDef - Before step Set Up Executed...
[INFO ] 2024-03-15 14:17:34.272 [main] StepDef - User click on customers Menu Executed...
  When User click on customers Menu                                      # StepDefination.StepDef.user_click_on_customers_menu()
This is After Step after Tear Down Method.
[INFO ] 2024-03-15 14:17:34.272 [main] StepDef - Failed Test Case Screenshot...
This is Before Step before setup Method.
[INFO ] 2024-03-15 14:17:34.272 [main] StepDef - Before step Set Up Executed...
[INFO ] 2024-03-15 14:17:37.288 [main] StepDef - click on customers Menu Item Executed...
  And click on customers Menu Item                                       # StepDefination.StepDef.click_on_customers_menu_item()
This is After Step after Tear Down Method.
[INFO ] 2024-03-15 14:17:37.288 [main] StepDef - Failed Test Case Screenshot...
This is Before Step before setup Method.
[INFO ] 2024-03-15 14:17:37.288 [main] StepDef - Before step Set Up Executed...
[INFO ] 2024-03-15 14:17:38.712 [main] StepDef - Enter customer EMail Executed...
  And Enter customer EMail                                               # StepDefination.StepDef.enter_customer_e_mail()
This is After Step after Tear Down Method.
[INFO ] 2024-03-15 14:17:38.714 [main] StepDef - Failed Test Case Screenshot...
This is Before Step before setup Method.
[INFO ] 2024-03-15 14:17:38.714 [main] StepDef - Before step Set Up Executed...
[INFO ] 2024-03-15 14:17:39.846 [main] StepDef - Click on search button Executed...
  When Click on search button                                            # StepDefination.StepDef.click_on_search_button()
This is After Step after Tear Down Method.
[INFO ] 2024-03-15 14:17:39.853 [main] StepDef - Failed Test Case Screenshot...
This is Before Step before setup Method.
[INFO ] 2024-03-15 14:17:39.854 [main] StepDef - Before step Set Up Executed...
[WARN ] 2024-03-15 14:17:39.952 [main] StepDef - User found Email in the Search table Executed...
  Then User should found Email in the Search table                       # StepDefination.StepDef.user_should_found_email_in_the_search_table()
This is After Step after Tear Down Method.
[INFO ] 2024-03-15 14:17:39.952 [main] StepDef - Failed Test Case Screenshot...
This is Before Step before setup Method.
[INFO ] 2024-03-15 14:17:39.952 [main] StepDef - Before step Set Up Executed...
[INFO ] 2024-03-15 14:17:40.312 [main] StepDef - close browser Executed...
  And close browser                                                      # StepDefination.CloseStep.close_browser()
This is After Step after Tear Down Method.
[INFO ] 2024-03-15 14:17:40.312 [main] StepDef - Failed Test Case Screenshot...
Tear Down method.
[INFO ] 2024-03-15 14:17:40.312 [main] StepDef - Failed Scenario Screenshot...
]]></system-out>
    <system-err><![CDATA[Starting ChromeDriver 122.0.6261.128 (f18a44fedeb29764b2b5336c120fdd90ef1a3f5c-refs/branch-heads/6261@{#1057}) on port 57510
Only local connections are allowed.
Please see https://chromedriver.chromium.org/security-considerations for suggestions on keeping ChromeDriver safe.
ChromeDriver was started successfully.
Mar 15, 2024 2:14:32 PM org.openqa.selenium.remote.ProtocolHandshake createSession
INFO: Detected dialect: W3C
Starting ChromeDriver 122.0.6261.128 (f18a44fedeb29764b2b5336c120fdd90ef1a3f5c-refs/branch-heads/6261@{#1057}) on port 52270
Only local connections are allowed.
Please see https://chromedriver.chromium.org/security-considerations for suggestions on keeping ChromeDriver safe.
ChromeDriver was started successfully.
Mar 15, 2024 2:14:33 PM org.openqa.selenium.remote.ProtocolHandshake createSession
INFO: Detected dialect: W3C
Email found : 
Email found : victoria_victoria@nopCommerce.com
]]></system-err>
  </testcase>
  <testcase name="runScenario[&quot;Search Customer by Name&quot;, &quot;Customers&quot;](3)" classname="TestRunner.Run" time="173.926">
    <system-out><![CDATA[
@regression
Scenario: Search Customer by Name                                        # Features/Customers.feature:35
Setup-Sanity method executed..
SetUp method.
[INFO ] 2024-03-15 14:17:42.384 [main] StepDef - Set up Execution...
This is Before Step before setup Method.
[INFO ] 2024-03-15 14:17:42.385 [main] StepDef - Before step Set Up Executed...
[INFO ] 2024-03-15 14:17:42.511 [main] StepDef - User Launch Chrome browser Executed...
  Given User Launch Chrome browser                                       # StepDefination.StepDef.user_launch_chrome_browser()
This is After Step after Tear Down Method.
[INFO ] 2024-03-15 14:17:42.512 [main] StepDef - Failed Test Case Screenshot...
This is Before Step before setup Method.
[INFO ] 2024-03-15 14:17:42.513 [main] StepDef - Before step Set Up Executed...
[INFO ] 2024-03-15 14:17:43.976 [main] StepDef - User opens URL Executed...
  When User opens URL "http://admin-demo.nopcommerce.com/login"          # StepDefination.StepDef.user_opens_url(java.lang.String)
This is After Step after Tear Down Method.
[INFO ] 2024-03-15 14:17:43.977 [main] StepDef - Failed Test Case Screenshot...
This is Before Step before setup Method.
[INFO ] 2024-03-15 14:17:43.978 [main] StepDef - Before step Set Up Executed...
[INFO ] 2024-03-15 14:17:44.321 [main] StepDef - User enters Email and Password Executed...
  And User enters Email as "admin@yourstore.com" and Password as "admin" # StepDefination.StepDef.user_enters_email_as_and_password_as(java.lang.String,java.lang.String)
This is After Step after Tear Down Method.
[INFO ] 2024-03-15 14:17:44.323 [main] StepDef - Failed Test Case Screenshot...
This is Before Step before setup Method.
[INFO ] 2024-03-15 14:17:44.323 [main] StepDef - Before step Set Up Executed...
[INFO ] 2024-03-15 14:20:08.039 [main] StepDef - Click on Login Executed...
  And Click on Login                                                     # StepDefination.StepDef.click_on_login()
This is After Step after Tear Down Method.
[INFO ] 2024-03-15 14:20:08.039 [main] StepDef - Failed Test Case Screenshot...
This is Before Step before setup Method.
[INFO ] 2024-03-15 14:20:08.039 [main] StepDef - Before step Set Up Executed...
[WARN ] 2024-03-15 14:20:09.234 [main] StepDef - User can view Dashboad Executed...
  Then User can view Dashboad                                            # StepDefination.StepDef.user_can_view_dashboad()
This is After Step after Tear Down Method.
[INFO ] 2024-03-15 14:20:09.234 [main] StepDef - Failed Test Case Screenshot...
This is Before Step before setup Method.
[INFO ] 2024-03-15 14:20:09.234 [main] StepDef - Before step Set Up Executed...
[INFO ] 2024-03-15 14:20:10.417 [main] StepDef - User click on customers Menu Executed...
  When User click on customers Menu                                      # StepDefination.StepDef.user_click_on_customers_menu()
This is After Step after Tear Down Method.
[INFO ] 2024-03-15 14:20:10.417 [main] StepDef - Failed Test Case Screenshot...
This is Before Step before setup Method.
[INFO ] 2024-03-15 14:20:10.418 [main] StepDef - Before step Set Up Executed...
[INFO ] 2024-03-15 14:20:31.175 [main] StepDef - click on customers Menu Item Executed...
  And click on customers Menu Item                                       # StepDefination.StepDef.click_on_customers_menu_item()
This is After Step after Tear Down Method.
[INFO ] 2024-03-15 14:20:31.175 [main] StepDef - Failed Test Case Screenshot...
This is Before Step before setup Method.
[INFO ] 2024-03-15 14:20:31.175 [main] StepDef - Before step Set Up Executed...
[INFO ] 2024-03-15 14:20:31.664 [main] StepDef - Enter customer First Name Executed...
  And Enter customer First Name                                          # StepDefination.StepDef.enter_customer_first_name()
This is After Step after Tear Down Method.
[INFO ] 2024-03-15 14:20:31.672 [main] StepDef - Failed Test Case Screenshot...
This is Before Step before setup Method.
[INFO ] 2024-03-15 14:20:31.672 [main] StepDef - Before step Set Up Executed...
[INFO ] 2024-03-15 14:20:31.846 [main] StepDef - Enter customer Last Name Executed...
  And Enter customer Last Name                                           # StepDefination.StepDef.enter_customer_last_name()
This is After Step after Tear Down Method.
[INFO ] 2024-03-15 14:20:31.846 [main] StepDef - Failed Test Case Screenshot...
This is Before Step before setup Method.
[INFO ] 2024-03-15 14:20:31.846 [main] StepDef - Before step Set Up Executed...
[INFO ] 2024-03-15 14:20:32.976 [main] StepDef - Click on search button Executed...
  When Click on search button                                            # StepDefination.StepDef.click_on_search_button()
This is After Step after Tear Down Method.
[INFO ] 2024-03-15 14:20:32.976 [main] StepDef - Failed Test Case Screenshot...
This is Before Step before setup Method.
[INFO ] 2024-03-15 14:20:32.976 [main] StepDef - Before step Set Up Executed...
[INFO ] 2024-03-15 14:20:33.925 [main] StepDef - User found Name in the Search table Executed...
  Then User should found Name in the Search table                        # StepDefination.StepDef.user_should_found_name_in_the_search_table()
This is After Step after Tear Down Method.
[INFO ] 2024-03-15 14:20:33.925 [main] StepDef - Failed Test Case Screenshot...
This is Before Step before setup Method.
[INFO ] 2024-03-15 14:20:33.925 [main] StepDef - Before step Set Up Executed...
[INFO ] 2024-03-15 14:20:34.234 [main] StepDef - close browser Executed...
  And close browser                                                      # StepDefination.CloseStep.close_browser()
This is After Step after Tear Down Method.
[INFO ] 2024-03-15 14:20:34.234 [main] StepDef - Failed Test Case Screenshot...
Tear Down method.
[INFO ] 2024-03-15 14:20:34.234 [main] StepDef - Failed Scenario Screenshot...
]]></system-out>
    <system-err><![CDATA[Starting ChromeDriver 122.0.6261.128 (f18a44fedeb29764b2b5336c120fdd90ef1a3f5c-refs/branch-heads/6261@{#1057}) on port 35303
Only local connections are allowed.
Please see https://chromedriver.chromium.org/security-considerations for suggestions on keeping ChromeDriver safe.
ChromeDriver was started successfully.
Mar 15, 2024 2:17:41 PM org.openqa.selenium.remote.ProtocolHandshake createSession
INFO: Detected dialect: W3C
Starting ChromeDriver 122.0.6261.128 (f18a44fedeb29764b2b5336c120fdd90ef1a3f5c-refs/branch-heads/6261@{#1057}) on port 41420
Only local connections are allowed.
Please see https://chromedriver.chromium.org/security-considerations for suggestions on keeping ChromeDriver safe.
ChromeDriver was started successfully.
Mar 15, 2024 2:17:42 PM org.openqa.selenium.remote.ProtocolHandshake createSession
INFO: Detected dialect: W3C
Name found : 
Name found : CpYYy@gmail.com
Name found : Nitu Khatri
Name found : Registered
Name found : TestCompany
Name found : 
Name found : Edit
Name found : 
Name found : admin3@gmail.com
Name found : Jayesh Bavkar
Name found : Registered
Name found : Invest
Name found : 
Name found : Edit
Name found : 
Name found : kiyjcycyhjc676008@gmail.com
Name found : Virat Kohli
Name found : Registered
Name found : Indian Cricket Team
Name found : 
Name found : Edit
Name found : 
Name found : victoria_victoria@nopCommerce.com
Name found : Victoria Terces
]]></system-err>
  </testcase>
  <testcase name="runScenario[&quot;Successful Login with Valid Credentials&quot;, &quot;Login&quot;](4)" classname="TestRunner.Run" time="26.241">
    <system-out><![CDATA[
@sanity
Scenario: Successful Login with Valid Credentials                        # Features/Login.feature:4
Setup-Sanity method executed..
SetUp method.
[INFO ] 2024-03-15 14:20:36.356 [main] StepDef - Set up Execution...
This is Before Step before setup Method.
[INFO ] 2024-03-15 14:20:36.356 [main] StepDef - Before step Set Up Executed...
[INFO ] 2024-03-15 14:20:36.494 [main] StepDef - User Launch Chrome browser Executed...
  Given User Launch Chrome browser                                       # StepDefination.StepDef.user_launch_chrome_browser()
This is After Step after Tear Down Method.
[INFO ] 2024-03-15 14:20:36.494 [main] StepDef - Failed Test Case Screenshot...
This is Before Step before setup Method.
[INFO ] 2024-03-15 14:20:36.494 [main] StepDef - Before step Set Up Executed...
[INFO ] 2024-03-15 14:20:37.137 [main] StepDef - User opens URL Executed...
  When User opens URL "http://admin-demo.nopcommerce.com/login"          # StepDefination.StepDef.user_opens_url(java.lang.String)
This is After Step after Tear Down Method.
[INFO ] 2024-03-15 14:20:37.137 [main] StepDef - Failed Test Case Screenshot...
This is Before Step before setup Method.
[INFO ] 2024-03-15 14:20:37.137 [main] StepDef - Before step Set Up Executed...
[INFO ] 2024-03-15 14:20:37.505 [main] StepDef - User enters Email and Password Executed...
  And User enters Email as "admin@yourstore.com" and Password as "admin" # StepDefination.StepDef.user_enters_email_as_and_password_as(java.lang.String,java.lang.String)
This is After Step after Tear Down Method.
[INFO ] 2024-03-15 14:20:37.514 [main] StepDef - Failed Test Case Screenshot...
This is Before Step before setup Method.
[INFO ] 2024-03-15 14:20:37.514 [main] StepDef - Before step Set Up Executed...
[INFO ] 2024-03-15 14:20:57.406 [main] StepDef - Click on Login Executed...
  And Click on Login                                                     # StepDefination.StepDef.click_on_login()
This is After Step after Tear Down Method.
[INFO ] 2024-03-15 14:20:57.407 [main] StepDef - Failed Test Case Screenshot...
This is Before Step before setup Method.
[INFO ] 2024-03-15 14:20:57.409 [main] StepDef - Before step Set Up Executed...
[WARN ] 2024-03-15 14:20:58.195 [main] StepDef - Page Title matched...
  Then Page Title should be "Dashboard / nopCommerce administration"     # StepDefination.StepDef.page_title_should_be(java.lang.String)
This is After Step after Tear Down Method.
[INFO ] 2024-03-15 14:20:58.197 [main] StepDef - Failed Test Case Screenshot...
This is Before Step before setup Method.
[INFO ] 2024-03-15 14:20:58.197 [main] StepDef - Before step Set Up Executed...
[INFO ] 2024-03-15 14:21:00.169 [main] StepDef - User click on Log out link Executed...
  When User click on Log out link                                        # StepDefination.StepDef.user_click_on_log_out_link()
This is After Step after Tear Down Method.
[INFO ] 2024-03-15 14:21:00.170 [main] StepDef - Failed Test Case Screenshot...
This is Before Step before setup Method.
[INFO ] 2024-03-15 14:21:00.171 [main] StepDef - Before step Set Up Executed...
[WARN ] 2024-03-15 14:21:00.281 [main] StepDef - Page Title matched...
  Then Page Title should be "Your store. Login"                          # StepDefination.StepDef.page_title_should_be(java.lang.String)
This is After Step after Tear Down Method.
[INFO ] 2024-03-15 14:21:00.283 [main] StepDef - Failed Test Case Screenshot...
This is Before Step before setup Method.
[INFO ] 2024-03-15 14:21:00.283 [main] StepDef - Before step Set Up Executed...
[INFO ] 2024-03-15 14:21:00.475 [main] StepDef - close browser Executed...
  And close browser                                                      # StepDefination.CloseStep.close_browser()
This is After Step after Tear Down Method.
[INFO ] 2024-03-15 14:21:00.476 [main] StepDef - Failed Test Case Screenshot...
Tear Down method.
[INFO ] 2024-03-15 14:21:00.476 [main] StepDef - Failed Scenario Screenshot...
]]></system-out>
    <system-err><![CDATA[Starting ChromeDriver 122.0.6261.128 (f18a44fedeb29764b2b5336c120fdd90ef1a3f5c-refs/branch-heads/6261@{#1057}) on port 58377
Only local connections are allowed.
Please see https://chromedriver.chromium.org/security-considerations for suggestions on keeping ChromeDriver safe.
ChromeDriver was started successfully.
Mar 15, 2024 2:20:35 PM org.openqa.selenium.remote.ProtocolHandshake createSession
INFO: Detected dialect: W3C
Starting ChromeDriver 122.0.6261.128 (f18a44fedeb29764b2b5336c120fdd90ef1a3f5c-refs/branch-heads/6261@{#1057}) on port 33234
Only local connections are allowed.
Please see https://chromedriver.chromium.org/security-considerations for suggestions on keeping ChromeDriver safe.
ChromeDriver was started successfully.
Mar 15, 2024 2:20:36 PM org.openqa.selenium.remote.ProtocolHandshake createSession
INFO: Detected dialect: W3C
]]></system-err>
  </testcase>
  <testcase name="runScenario[&quot;Successful Login with Valid Credentials DDT&quot;, &quot;Login&quot;](5)" classname="TestRunner.Run" time="10.714">
    <system-out><![CDATA[
@regression
Scenario Outline: Successful Login with Valid Credentials DDT            # Features/Login.feature:27
Setup-Sanity method executed..
SetUp method.
[INFO ] 2024-03-15 14:21:02.544 [main] StepDef - Set up Execution...
This is Before Step before setup Method.
[INFO ] 2024-03-15 14:21:02.545 [main] StepDef - Before step Set Up Executed...
[INFO ] 2024-03-15 14:21:02.678 [main] StepDef - User Launch Chrome browser Executed...
  Given User Launch Chrome browser                                       # StepDefination.StepDef.user_launch_chrome_browser()
This is After Step after Tear Down Method.
[INFO ] 2024-03-15 14:21:02.678 [main] StepDef - Failed Test Case Screenshot...
This is Before Step before setup Method.
[INFO ] 2024-03-15 14:21:02.678 [main] StepDef - Before step Set Up Executed...
[INFO ] 2024-03-15 14:21:03.448 [main] StepDef - User opens URL Executed...
  When User opens URL "http://admin-demo.nopcommerce.com/login"          # StepDefination.StepDef.user_opens_url(java.lang.String)
This is After Step after Tear Down Method.
[INFO ] 2024-03-15 14:21:03.449 [main] StepDef - Failed Test Case Screenshot...
This is Before Step before setup Method.
[INFO ] 2024-03-15 14:21:03.449 [main] StepDef - Before step Set Up Executed...
[INFO ] 2024-03-15 14:21:03.997 [main] StepDef - User enters Email and Password Executed...
  And User enters Email as "admin@yourstore.com" and Password as "admin" # StepDefination.StepDef.user_enters_email_as_and_password_as(java.lang.String,java.lang.String)
This is After Step after Tear Down Method.
[INFO ] 2024-03-15 14:21:03.997 [main] StepDef - Failed Test Case Screenshot...
This is Before Step before setup Method.
[INFO ] 2024-03-15 14:21:03.998 [main] StepDef - Before step Set Up Executed...
[INFO ] 2024-03-15 14:21:09.111 [main] StepDef - Click on Login Executed...
  And Click on Login                                                     # StepDefination.StepDef.click_on_login()
This is After Step after Tear Down Method.
[INFO ] 2024-03-15 14:21:09.111 [main] StepDef - Failed Test Case Screenshot...
This is Before Step before setup Method.
[INFO ] 2024-03-15 14:21:09.112 [main] StepDef - Before step Set Up Executed...
[WARN ] 2024-03-15 14:21:09.127 [main] StepDef - Page Title matched...
  Then Page Title should be "Dashboard / nopCommerce administration"     # StepDefination.StepDef.page_title_should_be(java.lang.String)
This is After Step after Tear Down Method.
[INFO ] 2024-03-15 14:21:09.127 [main] StepDef - Failed Test Case Screenshot...
This is Before Step before setup Method.
[INFO ] 2024-03-15 14:21:09.128 [main] StepDef - Before step Set Up Executed...
[INFO ] 2024-03-15 14:21:10.916 [main] StepDef - User click on Log out link Executed...
  When User click on Log out link                                        # StepDefination.StepDef.user_click_on_log_out_link()
This is After Step after Tear Down Method.
[INFO ] 2024-03-15 14:21:10.916 [main] StepDef - Failed Test Case Screenshot...
This is Before Step before setup Method.
[INFO ] 2024-03-15 14:21:10.916 [main] StepDef - Before step Set Up Executed...
[WARN ] 2024-03-15 14:21:10.972 [main] StepDef - Page Title matched...
  Then Page Title should be "Your store. Login"                          # StepDefination.StepDef.page_title_should_be(java.lang.String)
This is After Step after Tear Down Method.
[INFO ] 2024-03-15 14:21:10.973 [main] StepDef - Failed Test Case Screenshot...
This is Before Step before setup Method.
[INFO ] 2024-03-15 14:21:10.973 [main] StepDef - Before step Set Up Executed...
[INFO ] 2024-03-15 14:21:11.192 [main] StepDef - close browser Executed...
  And close browser                                                      # StepDefination.CloseStep.close_browser()
This is After Step after Tear Down Method.
[INFO ] 2024-03-15 14:21:11.193 [main] StepDef - Failed Test Case Screenshot...
Tear Down method.
[INFO ] 2024-03-15 14:21:11.193 [main] StepDef - Failed Scenario Screenshot...
]]></system-out>
    <system-err><![CDATA[Starting ChromeDriver 122.0.6261.128 (f18a44fedeb29764b2b5336c120fdd90ef1a3f5c-refs/branch-heads/6261@{#1057}) on port 42298
Only local connections are allowed.
Please see https://chromedriver.chromium.org/security-considerations for suggestions on keeping ChromeDriver safe.
ChromeDriver was started successfully.
Mar 15, 2024 2:21:01 PM org.openqa.selenium.remote.ProtocolHandshake createSession
INFO: Detected dialect: W3C
Starting ChromeDriver 122.0.6261.128 (f18a44fedeb29764b2b5336c120fdd90ef1a3f5c-refs/branch-heads/6261@{#1057}) on port 22320
Only local connections are allowed.
Please see https://chromedriver.chromium.org/security-considerations for suggestions on keeping ChromeDriver safe.
ChromeDriver was started successfully.
Mar 15, 2024 2:21:02 PM org.openqa.selenium.remote.ProtocolHandshake createSession
INFO: Detected dialect: W3C
]]></system-err>
  </testcase>
</testsuite>